                              X
                             X X
                            X   X
                           X     X
                          X       X
                         X         X
                        X           X
                       X             X
                      X               X
                     X                 X
                    X                   X
                   X                     X
                  X                       X
                 X                         X
                X                           X
               X                             X
              X                               X
             X                                 X
            X                                   X
           X                                     X
          X                                       X
         X                                         X
        X                                           X
       X                                             X
      X                                               X
     X                                                 X
    X                                                   X
   X                                                     X
  X                                                       X
 X                                                         X
XXXXXXXXXXXXXXXXXXXXXXXXXXXXXXXXXXXXXXXXXXXXXXXXXXXXXXXXXXXXX
X                                                           X
X                                                           X
X                                                           X
X                                                           X
X                                                           X
X                                                           X
X                                                           X
X                                                           X
X                                                           X
X                                                           X
X                                                           X
X                                                           X
X                                                           X
X                                                           X
X                                                           X
XXXXXXXXXXXXXXXXXXXXXXXXXXXXXXXXXXXXXXXXXXXXXXXXXXXXXXXXXXXXX
